<?xml version="1.0" encoding="UTF-8"?>
<!-- Generated by org.testng.reporters.JUnitXMLReporter -->
<testsuite hostname="codeLover.local" ignored="0" name="Default test" tests="6" failures="0" timestamp="04 Jun 2020 17:55:56 GMT" time="0.119" errors="0">
  <testcase name="danial" time="0.01" classname="MonKharap.KharapMon.Random"/>
  <testcase name="danial2" time="0.001" classname="MonKharap.KharapMon.Random"/>
  <testcase name="danial3" time="0.001" classname="MonKharap.KharapMon.Random"/>
  <testcase name="danial4" time="0.001" classname="MonKharap.KharapMon.Random"/>
  <testcase name="highestNum" time="0.073" classname="MonKharap.KharapMon.Random"/>
  <testcase name="reverse" time="0.001" classname="MonKharap.KharapMon.Random"/>
</testsuite> <!-- Default test -->
